<?xml version="1.0" encoding="UTF-8"?>
<!-- Generated by org.testng.reporters.JUnitReportReporter -->
<testsuite hostname="LAPTOP-68FQM03A" failures="0" tests="2" name="crossbrowser.CrossBrowserTest" time="23.275" errors="0" timestamp="2023-09-21T21:45:09 EDT" skipped="0">
  <testcase classname="crossbrowser.CrossBrowserTest" name="verifytitle" time="14.176"/>
  <system-out/>
  <testcase classname="crossbrowser.CrossBrowserTest" name="verifytitle" time="9.099"/>
  <system-out/>
</testsuite> <!-- crossbrowser.CrossBrowserTest -->
